---------- [2022-06-25 16:22:24] Starting Now ----------
========= Given Arguments ==========
$inputfiles
[1] "/home/data/t020329/ngs/new_meth/results/06_methyl_calls/methylKit/tabix_cpg/PEsample_wgbs_1_val_1_bt2.sorted.deduped_cpg.txt.bgz,/home/data/t020329/ngs/new_meth/results/06_methyl_calls/methylKit/tabix_cpg/SEsample_se_bt2.sorted.deduped_cpg.txt.bgz"

$sampleids
[1] "PEsample_wgbs,SEsample"

$treatments
[1] "H2O,MED1"

$assembly
[1] "hg19"

$context
[1] "cpg"

$destrand
[1] "True"

$cores
[1] "1"

$outdir
[1] "/home/data/t020329/ngs/new_meth/results/09_differential_methylation/med1vsh2o/"

$suffix
[1] "med1vsh2o_cpg_destranded_methylKit"

$logFile
[1] "/home/data/t020329/ngs/new_meth/results/09_differential_methylation/med1vsh2o/med1vsh2o_cpg_destranded_methylKit_unite.log"

====================================
Warning messages:
1: package ‘methylKit’ was built under R version 4.0.3 
2: package ‘GenomicRanges’ was built under R version 4.0.3 
3: package ‘BiocGenerics’ was built under R version 4.0.3 
4: package ‘S4Vectors’ was built under R version 4.0.3 
5: package ‘IRanges’ was built under R version 4.0.3 
6: package ‘GenomeInfoDb’ was built under R version 4.0.3 
Remapping Treatment Description to number.
H2O: 1
MED1: 2
[1] TRUE TRUE
[1] TRUE TRUE
Importing Tabix files.
Received list of locations.
Destranding first.
[1] "PEsample_wgbs_1_val_1_bt2.sorted.deduped_cpg"
[1] "SEsample_se_bt2.sorted.deduped_cpg"
Merging samples.
uniting...

checking wether tabix file already exists:
/home/data/t020329/ngs/new_meth/results/09_differential_methylation/med1vsh2o//methylBase_med1vsh2o_cpg_destranded_methylKit.txt.bgz
tabix file is new.
continuing now ...

merging tabix files ...
compressing the file with bgzip...
making tabix index...
flatfile located at: /home/data/t020329/ngs/new_meth/results/09_differential_methylation/med1vsh2o/methylBase_med1vsh2o_cpg_destranded_methylKit.txt.bgz
---------- [2022-06-25 16:22:32] Done ----------
