---------- [2022-06-25 16:22:46] Starting Now ----------
========= Given Arguments ==========
$inputfile
[1] "/home/data/t020329/ngs/new_meth/results/09_differential_methylation/med1vsh2o/methylBase_med1vsh2o_CpG_destranded_methylDackel.txt.bgz"

$sampleids
[1] "PEsample_wgbs,SEsample"

$treatments
[1] "H2O,MED1"

$assembly
[1] "hg19"

$context
[1] "CpG"

$destranded
[1] "True"

$treatment_group
[1] "MED1"

$control_group
[1] "H2O"

$cores
[1] "1"

$methylDiff_results_suffix
[1] "full"

$resultsFile
[1] "/home/data/t020329/ngs/new_meth/results/09_differential_methylation/med1vsh2o/methylDiff_med1vsh2o_CpG_destranded_methylDackel_results.tsv"

$outdir
[1] "/home/data/t020329/ngs/new_meth/results/09_differential_methylation/med1vsh2o/"

$logFile
[1] "/home/data/t020329/ngs/new_meth/results/09_differential_methylation/med1vsh2o/med1vsh2o_CpG_destranded_methylDackel_diffmeth.log"

====================================
Warning messages:
1: package ‘methylKit’ was built under R version 4.0.3 
2: package ‘GenomicRanges’ was built under R version 4.0.3 
3: package ‘BiocGenerics’ was built under R version 4.0.3 
4: package ‘S4Vectors’ was built under R version 4.0.3 
5: package ‘IRanges’ was built under R version 4.0.3 
6: package ‘GenomeInfoDb’ was built under R version 4.0.3 
Remapping Treatments Descriptions into treatment and control groups.
Control group (0): H2O
Treatment group (1): MED1
Reading united samples ...
Calculating differential methylation ...
two groups detected:
 will calculate methylation difference as the difference of
treatment (group: 2) - control (group: 1)

checking wether tabix file already exists:
/home/data/t020329/ngs/new_meth/results/09_differential_methylation/med1vsh2o/methylDiff_med1vsh2o_CpG_destranded_methylDackel_full.txt.bgz
tabix file is new.
continuing now ...


 NOTE: performing 'fast.fisher' instead of 'Chisq' for two groups testing.
compressing the file with bgzip...
making tabix index...
flatfile located at: /home/data/t020329/ngs/new_meth/results/09_differential_methylation/med1vsh2o/methylDiff_med1vsh2o_CpG_destranded_methylDackel_full.txt.bgz
Exporting results to tsv...
---------- [2022-06-25 16:22:54] Done ----------
