[2022-06-25 16:22:01,087] multiqc                                            [DEBUG  ]  This is MultiQC v1.11
[2022-06-25 16:22:01,087] multiqc                                            [DEBUG  ]  No MultiQC config found: /home/data/t020329/ngs/new_meth/results/.snakemake/conda/755253f1c5e2dd178f912437cf55f8dd/lib/python3.10/site-packages/multiqc_config.yaml
[2022-06-25 16:22:01,087] multiqc                                            [DEBUG  ]  No MultiQC config found: /home/data/t020329/.multiqc_config.yaml
[2022-06-25 16:22:01,087] multiqc                                            [DEBUG  ]  No MultiQC config found: multiqc_config.yaml
[2022-06-25 16:22:01,087] multiqc                                            [DEBUG  ]  Command used: /home/data/t020329/ngs/new_meth/results/.snakemake/conda/755253f1c5e2dd178f912437cf55f8dd/bin/multiqc -f -n /home/data/t020329/ngs/new_meth/results/Reports/multiqc/bwameth_multiqc_report.html /home/data/t020329/ngs/new_meth/results/01_raw_QC/PEsample_wgbs_1_fastqc.zip /home/data/t020329/ngs/new_meth/results/01_raw_QC/PEsample_wgbs_2_fastqc.zip /home/data/t020329/ngs/new_meth/results/01_raw_QC/SEsample_fastqc.zip /home/data/t020329/ngs/new_meth/results/02_trimming/PEsample_wgbs_1_val_1.fq.gz /home/data/t020329/ngs/new_meth/results/02_trimming/PEsample_wgbs_2_val_2.fq.gz /home/data/t020329/ngs/new_meth/results/02_trimming/SEsample_trimmed.fq.gz /home/data/t020329/ngs/new_meth/results/03_posttrimming_QC/PEsample_wgbs_1_val_1_fastqc.zip /home/data/t020329/ngs/new_meth/results/03_posttrimming_QC/PEsample_wgbs_2_val_2_fastqc.zip /home/data/t020329/ngs/new_meth/results/03_posttrimming_QC/SEsample_trimmed_fastqc.zip /home/data/t020329/ngs/new_meth/results/04_mapping/PEsample_wgbs.bwameth.bam /home/data/t020329/ngs/new_meth/results/04_mapping/SEsample.bwameth.bam /home/data/t020329/ngs/new_meth/results/05_sorting_deduplication/PEsample_wgbs.bwameth.sorted.markdup.idxstats.txt /home/data/t020329/ngs/new_meth/results/05_sorting_deduplication/PEsample_wgbs.bwameth.sorted.markdup.stats.txt /home/data/t020329/ngs/new_meth/results/05_sorting_deduplication/PEsample_wgbs.bwameth.sorted.markdup.flagstat.txt /home/data/t020329/ngs/new_meth/results/05_sorting_deduplication/SEsample.bwameth.sorted.markdup.idxstats.txt /home/data/t020329/ngs/new_meth/results/05_sorting_deduplication/SEsample.bwameth.sorted.markdup.stats.txt /home/data/t020329/ngs/new_meth/results/05_sorting_deduplication/SEsample.bwameth.sorted.markdup.flagstat.txt /home/data/t020329/ngs/new_meth/results/02_trimming/ /home/data/t020329/ngs/new_meth/results/01_raw_QC/ /home/data/t020329/ngs/new_meth/results/03_posttrimming_QC/
[2022-06-25 16:22:02,573] multiqc                                            [WARNING]  MultiQC Version v1.12 now available!
[2022-06-25 16:22:02,574] multiqc                                            [DEBUG  ]  Command     : /home/data/t020329/ngs/new_meth/results/.snakemake/conda/755253f1c5e2dd178f912437cf55f8dd/bin/multiqc -f -n /home/data/t020329/ngs/new_meth/results/Reports/multiqc/bwameth_multiqc_report.html /home/data/t020329/ngs/new_meth/results/01_raw_QC/PEsample_wgbs_1_fastqc.zip /home/data/t020329/ngs/new_meth/results/01_raw_QC/PEsample_wgbs_2_fastqc.zip /home/data/t020329/ngs/new_meth/results/01_raw_QC/SEsample_fastqc.zip /home/data/t020329/ngs/new_meth/results/02_trimming/PEsample_wgbs_1_val_1.fq.gz /home/data/t020329/ngs/new_meth/results/02_trimming/PEsample_wgbs_2_val_2.fq.gz /home/data/t020329/ngs/new_meth/results/02_trimming/SEsample_trimmed.fq.gz /home/data/t020329/ngs/new_meth/results/03_posttrimming_QC/PEsample_wgbs_1_val_1_fastqc.zip /home/data/t020329/ngs/new_meth/results/03_posttrimming_QC/PEsample_wgbs_2_val_2_fastqc.zip /home/data/t020329/ngs/new_meth/results/03_posttrimming_QC/SEsample_trimmed_fastqc.zip /home/data/t020329/ngs/new_meth/results/04_mapping/PEsample_wgbs.bwameth.bam /home/data/t020329/ngs/new_meth/results/04_mapping/SEsample.bwameth.bam /home/data/t020329/ngs/new_meth/results/05_sorting_deduplication/PEsample_wgbs.bwameth.sorted.markdup.idxstats.txt /home/data/t020329/ngs/new_meth/results/05_sorting_deduplication/PEsample_wgbs.bwameth.sorted.markdup.stats.txt /home/data/t020329/ngs/new_meth/results/05_sorting_deduplication/PEsample_wgbs.bwameth.sorted.markdup.flagstat.txt /home/data/t020329/ngs/new_meth/results/05_sorting_deduplication/SEsample.bwameth.sorted.markdup.idxstats.txt /home/data/t020329/ngs/new_meth/results/05_sorting_deduplication/SEsample.bwameth.sorted.markdup.stats.txt /home/data/t020329/ngs/new_meth/results/05_sorting_deduplication/SEsample.bwameth.sorted.markdup.flagstat.txt /home/data/t020329/ngs/new_meth/results/02_trimming/ /home/data/t020329/ngs/new_meth/results/01_raw_QC/ /home/data/t020329/ngs/new_meth/results/03_posttrimming_QC/
[2022-06-25 16:22:02,574] multiqc                                            [DEBUG  ]  Working dir : /home/data/t020329/ngs/new_meth/results
[2022-06-25 16:22:02,574] multiqc                                            [DEBUG  ]  Template    : default
[2022-06-25 16:22:02,574] multiqc                                            [DEBUG  ]  Running Python 3.10.5 | packaged by conda-forge | (main, Jun 14 2022, 07:06:46) [GCC 10.3.0]
[2022-06-25 16:22:02,575] multiqc                                            [DEBUG  ]  Analysing modules: custom_content, ccs, ngsderive, purple, conpair, lima, peddy, somalier, methylQA, mosdepth, phantompeakqualtools, qualimap, preseq, quast, qorts, rna_seqc, rockhopper, rsem, rseqc, busco, bustools, goleft_indexcov, gffcompare, disambiguate, supernova, deeptools, sargasso, verifybamid, mirtrace, happy, mirtop, sambamba, homer, hops, macs2, theta2, snpeff, gatk, htseq, bcftools, featureCounts, fgbio, dragen, dedup, damageprofiler, biobambam2, jcvi, mtnucratio, picard, vep, sentieon, prokka, qc3C, nanostat, samblaster, samtools, sexdeterrmine, eigenstratdatabasetools, bamtools, jellyfish, vcftools, longranger, stacks, varscan2, snippy, bbmap, bismark, biscuit, hicexplorer, hicup, hicpro, salmon, kallisto, slamdunk, star, hisat2, tophat, bowtie2, bowtie1, snpsplit, odgi, pangolin, kat, leehom, adapterRemoval, clipandmerge, cutadapt, flexbar, kaiju, kraken, malt, trimmomatic, sickle, skewer, sortmerna, biobloomtools, fastq_screen, afterqc, fastp, fastqc, pychopper, pycoqc, minionqc, multivcfanalyzer, clusterflow, bcl2fastq, bclconvert, interop, ivar, flash, seqyclean, optitype
[2022-06-25 16:22:02,575] multiqc                                            [DEBUG  ]  Using temporary directory for creating report: /tmp/tmp1376730f
[2022-06-25 16:22:02,745] multiqc                                            [INFO   ]  Search path : /home/data/t020329/ngs/new_meth/results/01_raw_QC/PEsample_wgbs_1_fastqc.zip
[2022-06-25 16:22:02,745] multiqc                                            [INFO   ]  Search path : /home/data/t020329/ngs/new_meth/results/01_raw_QC/PEsample_wgbs_2_fastqc.zip
[2022-06-25 16:22:02,745] multiqc                                            [INFO   ]  Search path : /home/data/t020329/ngs/new_meth/results/01_raw_QC/SEsample_fastqc.zip
[2022-06-25 16:22:02,745] multiqc                                            [INFO   ]  Search path : /home/data/t020329/ngs/new_meth/results/02_trimming/PEsample_wgbs_1_val_1.fq.gz
[2022-06-25 16:22:02,745] multiqc                                            [INFO   ]  Search path : /home/data/t020329/ngs/new_meth/results/02_trimming/PEsample_wgbs_2_val_2.fq.gz
[2022-06-25 16:22:02,745] multiqc                                            [INFO   ]  Search path : /home/data/t020329/ngs/new_meth/results/02_trimming/SEsample_trimmed.fq.gz
[2022-06-25 16:22:02,745] multiqc                                            [INFO   ]  Search path : /home/data/t020329/ngs/new_meth/results/03_posttrimming_QC/PEsample_wgbs_1_val_1_fastqc.zip
[2022-06-25 16:22:02,745] multiqc                                            [INFO   ]  Search path : /home/data/t020329/ngs/new_meth/results/03_posttrimming_QC/PEsample_wgbs_2_val_2_fastqc.zip
[2022-06-25 16:22:02,745] multiqc                                            [INFO   ]  Search path : /home/data/t020329/ngs/new_meth/results/03_posttrimming_QC/SEsample_trimmed_fastqc.zip
[2022-06-25 16:22:02,745] multiqc                                            [INFO   ]  Search path : /home/data/t020329/ngs/new_meth/results/04_mapping/PEsample_wgbs.bwameth.bam
[2022-06-25 16:22:02,745] multiqc                                            [INFO   ]  Search path : /home/data/t020329/ngs/new_meth/results/04_mapping/SEsample.bwameth.bam
[2022-06-25 16:22:02,745] multiqc                                            [INFO   ]  Search path : /home/data/t020329/ngs/new_meth/results/05_sorting_deduplication/PEsample_wgbs.bwameth.sorted.markdup.idxstats.txt
[2022-06-25 16:22:02,745] multiqc                                            [INFO   ]  Search path : /home/data/t020329/ngs/new_meth/results/05_sorting_deduplication/PEsample_wgbs.bwameth.sorted.markdup.stats.txt
[2022-06-25 16:22:02,745] multiqc                                            [INFO   ]  Search path : /home/data/t020329/ngs/new_meth/results/05_sorting_deduplication/PEsample_wgbs.bwameth.sorted.markdup.flagstat.txt
[2022-06-25 16:22:02,745] multiqc                                            [INFO   ]  Search path : /home/data/t020329/ngs/new_meth/results/05_sorting_deduplication/SEsample.bwameth.sorted.markdup.idxstats.txt
[2022-06-25 16:22:02,746] multiqc                                            [INFO   ]  Search path : /home/data/t020329/ngs/new_meth/results/05_sorting_deduplication/SEsample.bwameth.sorted.markdup.stats.txt
[2022-06-25 16:22:02,746] multiqc                                            [INFO   ]  Search path : /home/data/t020329/ngs/new_meth/results/05_sorting_deduplication/SEsample.bwameth.sorted.markdup.flagstat.txt
[2022-06-25 16:22:02,746] multiqc                                            [INFO   ]  Search path : /home/data/t020329/ngs/new_meth/results/02_trimming
[2022-06-25 16:22:02,746] multiqc                                            [INFO   ]  Search path : /home/data/t020329/ngs/new_meth/results/01_raw_QC
[2022-06-25 16:22:02,746] multiqc                                            [INFO   ]  Search path : /home/data/t020329/ngs/new_meth/results/03_posttrimming_QC
[2022-06-25 16:22:02,762] multiqc                                            [DEBUG  ]  Ignoring file as matched an ignore pattern: PEsample_wgbs_1_val_1.fq.gz
[2022-06-25 16:22:02,762] multiqc                                            [DEBUG  ]  Ignoring file as matched an ignore pattern: PEsample_wgbs_2_val_2.fq.gz
[2022-06-25 16:22:02,762] multiqc                                            [DEBUG  ]  Ignoring file as matched an ignore pattern: SEsample_trimmed.fq.gz
[2022-06-25 16:22:02,764] multiqc                                            [DEBUG  ]  Ignoring file as matched an ignore pattern: PEsample_wgbs.bwameth.bam
[2022-06-25 16:22:02,764] multiqc                                            [DEBUG  ]  Ignoring file as matched an ignore pattern: SEsample.bwameth.bam
[2022-06-25 16:22:02,777] multiqc                                            [DEBUG  ]  File ignored by ccs/v4 because it exceeded search pattern filesize limit: PEsample_wgbs.bwameth.sorted.markdup.stats.txt
[2022-06-25 16:22:02,778] multiqc                                            [DEBUG  ]  File ignored by hicexplorer because it exceeded search pattern filesize limit: PEsample_wgbs.bwameth.sorted.markdup.stats.txt
[2022-06-25 16:22:02,778] multiqc                                            [DEBUG  ]  File ignored by nanostat because it exceeded search pattern filesize limit: PEsample_wgbs.bwameth.sorted.markdup.stats.txt
[2022-06-25 16:22:02,778] multiqc                                            [DEBUG  ]  File ignored by lima/summary because it exceeded search pattern filesize limit: PEsample_wgbs.bwameth.sorted.markdup.stats.txt
[2022-06-25 16:22:02,781] multiqc                                            [DEBUG  ]  File ignored by longranger/invocation because it exceeded search pattern filesize limit: PEsample_wgbs.bwameth.sorted.markdup.stats.txt
[2022-06-25 16:22:02,825] multiqc                                            [DEBUG  ]  File ignored by ccs/v4 because it exceeded search pattern filesize limit: SEsample.bwameth.sorted.markdup.stats.txt
[2022-06-25 16:22:02,826] multiqc                                            [DEBUG  ]  File ignored by hicexplorer because it exceeded search pattern filesize limit: SEsample.bwameth.sorted.markdup.stats.txt
[2022-06-25 16:22:02,826] multiqc                                            [DEBUG  ]  File ignored by nanostat because it exceeded search pattern filesize limit: SEsample.bwameth.sorted.markdup.stats.txt
[2022-06-25 16:22:02,826] multiqc                                            [DEBUG  ]  File ignored by lima/summary because it exceeded search pattern filesize limit: SEsample.bwameth.sorted.markdup.stats.txt
[2022-06-25 16:22:02,827] multiqc                                            [DEBUG  ]  File ignored by longranger/invocation because it exceeded search pattern filesize limit: SEsample.bwameth.sorted.markdup.stats.txt
[2022-06-25 16:22:02,851] multiqc                                            [DEBUG  ]  File ignored by ccs/v4 because it exceeded search pattern filesize limit: PEsample_wgbs.trimgalore.log
[2022-06-25 16:22:02,852] multiqc                                            [DEBUG  ]  File ignored by hicexplorer because it exceeded search pattern filesize limit: PEsample_wgbs.trimgalore.log
[2022-06-25 16:22:02,852] multiqc                                            [DEBUG  ]  File ignored by nanostat because it exceeded search pattern filesize limit: PEsample_wgbs.trimgalore.log
[2022-06-25 16:22:02,852] multiqc                                            [DEBUG  ]  File ignored by lima/summary because it exceeded search pattern filesize limit: PEsample_wgbs.trimgalore.log
[2022-06-25 16:22:02,855] multiqc                                            [DEBUG  ]  File ignored by longranger/invocation because it exceeded search pattern filesize limit: PEsample_wgbs.trimgalore.log
[2022-06-25 16:22:02,860] multiqc                                            [DEBUG  ]  Ignoring file as matched an ignore pattern: PEsample_wgbs_2_val_2.fq.gz
[2022-06-25 16:22:02,860] multiqc                                            [DEBUG  ]  Ignoring file as matched an ignore pattern: PEsample_wgbs_1_val_1.fq.gz
[2022-06-25 16:22:02,863] multiqc                                            [DEBUG  ]  File ignored by ccs/v4 because it exceeded search pattern filesize limit: PEsample_wgbs_1.fq.gz_trimming_report.txt
[2022-06-25 16:22:02,863] multiqc                                            [DEBUG  ]  File ignored by lima/summary because it exceeded search pattern filesize limit: PEsample_wgbs_1.fq.gz_trimming_report.txt
[2022-06-25 16:22:02,865] multiqc                                            [DEBUG  ]  File ignored by longranger/invocation because it exceeded search pattern filesize limit: PEsample_wgbs_1.fq.gz_trimming_report.txt
[2022-06-25 16:22:02,871] multiqc                                            [DEBUG  ]  File ignored by ccs/v4 because it exceeded search pattern filesize limit: PEsample_wgbs_2.fq.gz_trimming_report.txt
[2022-06-25 16:22:02,872] multiqc                                            [DEBUG  ]  File ignored by lima/summary because it exceeded search pattern filesize limit: PEsample_wgbs_2.fq.gz_trimming_report.txt
[2022-06-25 16:22:02,873] multiqc                                            [DEBUG  ]  File ignored by longranger/invocation because it exceeded search pattern filesize limit: PEsample_wgbs_2.fq.gz_trimming_report.txt
[2022-06-25 16:22:02,877] multiqc                                            [DEBUG  ]  Ignoring file as matched an ignore pattern: SEsample_trimmed.fq.gz
[2022-06-25 16:22:02,879] multiqc                                            [DEBUG  ]  File ignored by ccs/v4 because it exceeded search pattern filesize limit: SEsample.trimgalore.log
[2022-06-25 16:22:02,880] multiqc                                            [DEBUG  ]  File ignored by lima/summary because it exceeded search pattern filesize limit: SEsample.trimgalore.log
[2022-06-25 16:22:02,882] multiqc                                            [DEBUG  ]  File ignored by longranger/invocation because it exceeded search pattern filesize limit: SEsample.trimgalore.log
[2022-06-25 16:22:02,888] multiqc                                            [DEBUG  ]  File ignored by ccs/v4 because it exceeded search pattern filesize limit: SEsample.fq.gz_trimming_report.txt
[2022-06-25 16:22:02,889] multiqc                                            [DEBUG  ]  File ignored by lima/summary because it exceeded search pattern filesize limit: SEsample.fq.gz_trimming_report.txt
[2022-06-25 16:22:02,890] multiqc                                            [DEBUG  ]  File ignored by longranger/invocation because it exceeded search pattern filesize limit: SEsample.fq.gz_trimming_report.txt
[2022-06-25 16:22:02,903] multiqc                                            [DEBUG  ]  File ignored by ccs/v4 because it exceeded search pattern filesize limit: PEsample_wgbs_2_fastqc.html
[2022-06-25 16:22:02,904] multiqc                                            [DEBUG  ]  File ignored by hicexplorer because it exceeded search pattern filesize limit: PEsample_wgbs_2_fastqc.html
[2022-06-25 16:22:02,905] multiqc                                            [DEBUG  ]  File ignored by nanostat because it exceeded search pattern filesize limit: PEsample_wgbs_2_fastqc.html
[2022-06-25 16:22:02,905] multiqc                                            [DEBUG  ]  File ignored by lima/summary because it exceeded search pattern filesize limit: PEsample_wgbs_2_fastqc.html
[2022-06-25 16:22:02,906] multiqc                                            [DEBUG  ]  File ignored by vep/vep_txt because it exceeded search pattern filesize limit: PEsample_wgbs_2_fastqc.html
[2022-06-25 16:22:02,906] multiqc                                            [DEBUG  ]  File ignored by longranger/invocation because it exceeded search pattern filesize limit: PEsample_wgbs_2_fastqc.html
[2022-06-25 16:22:02,906] multiqc                                            [DEBUG  ]  File ignored by rockhopper because it exceeded search pattern filesize limit: PEsample_wgbs_2_fastqc.html
[2022-06-25 16:22:02,906] multiqc                                            [DEBUG  ]  File ignored by rseqc/bam_stat because it exceeded search pattern filesize limit: PEsample_wgbs_2_fastqc.html
[2022-06-25 16:22:02,906] multiqc                                            [DEBUG  ]  File ignored by rseqc/junction_annotation because it exceeded search pattern filesize limit: PEsample_wgbs_2_fastqc.html
[2022-06-25 16:22:02,906] multiqc                                            [DEBUG  ]  File ignored by rseqc/read_distribution because it exceeded search pattern filesize limit: PEsample_wgbs_2_fastqc.html
[2022-06-25 16:22:02,907] multiqc                                            [DEBUG  ]  File ignored by rseqc/infer_experiment because it exceeded search pattern filesize limit: PEsample_wgbs_2_fastqc.html
[2022-06-25 16:22:02,975] multiqc                                            [DEBUG  ]  File ignored by ccs/v4 because it exceeded search pattern filesize limit: PEsample_wgbs_1_fastqc.html
[2022-06-25 16:22:02,976] multiqc                                            [DEBUG  ]  File ignored by hicexplorer because it exceeded search pattern filesize limit: PEsample_wgbs_1_fastqc.html
[2022-06-25 16:22:02,976] multiqc                                            [DEBUG  ]  File ignored by nanostat because it exceeded search pattern filesize limit: PEsample_wgbs_1_fastqc.html
[2022-06-25 16:22:02,976] multiqc                                            [DEBUG  ]  File ignored by lima/summary because it exceeded search pattern filesize limit: PEsample_wgbs_1_fastqc.html
[2022-06-25 16:22:02,978] multiqc                                            [DEBUG  ]  File ignored by vep/vep_txt because it exceeded search pattern filesize limit: PEsample_wgbs_1_fastqc.html
[2022-06-25 16:22:02,978] multiqc                                            [DEBUG  ]  File ignored by longranger/invocation because it exceeded search pattern filesize limit: PEsample_wgbs_1_fastqc.html
[2022-06-25 16:22:02,978] multiqc                                            [DEBUG  ]  File ignored by rockhopper because it exceeded search pattern filesize limit: PEsample_wgbs_1_fastqc.html
[2022-06-25 16:22:02,978] multiqc                                            [DEBUG  ]  File ignored by rseqc/bam_stat because it exceeded search pattern filesize limit: PEsample_wgbs_1_fastqc.html
[2022-06-25 16:22:02,978] multiqc                                            [DEBUG  ]  File ignored by rseqc/junction_annotation because it exceeded search pattern filesize limit: PEsample_wgbs_1_fastqc.html
[2022-06-25 16:22:02,978] multiqc                                            [DEBUG  ]  File ignored by rseqc/read_distribution because it exceeded search pattern filesize limit: PEsample_wgbs_1_fastqc.html
[2022-06-25 16:22:02,978] multiqc                                            [DEBUG  ]  File ignored by rseqc/infer_experiment because it exceeded search pattern filesize limit: PEsample_wgbs_1_fastqc.html
[2022-06-25 16:22:03,048] multiqc                                            [DEBUG  ]  File ignored by ccs/v4 because it exceeded search pattern filesize limit: SEsample_fastqc.html
[2022-06-25 16:22:03,049] multiqc                                            [DEBUG  ]  File ignored by hicexplorer because it exceeded search pattern filesize limit: SEsample_fastqc.html
[2022-06-25 16:22:03,049] multiqc                                            [DEBUG  ]  File ignored by nanostat because it exceeded search pattern filesize limit: SEsample_fastqc.html
[2022-06-25 16:22:03,049] multiqc                                            [DEBUG  ]  File ignored by lima/summary because it exceeded search pattern filesize limit: SEsample_fastqc.html
[2022-06-25 16:22:03,050] multiqc                                            [DEBUG  ]  File ignored by vep/vep_txt because it exceeded search pattern filesize limit: SEsample_fastqc.html
[2022-06-25 16:22:03,051] multiqc                                            [DEBUG  ]  File ignored by longranger/invocation because it exceeded search pattern filesize limit: SEsample_fastqc.html
[2022-06-25 16:22:03,051] multiqc                                            [DEBUG  ]  File ignored by rockhopper because it exceeded search pattern filesize limit: SEsample_fastqc.html
[2022-06-25 16:22:03,051] multiqc                                            [DEBUG  ]  File ignored by rseqc/bam_stat because it exceeded search pattern filesize limit: SEsample_fastqc.html
[2022-06-25 16:22:03,051] multiqc                                            [DEBUG  ]  File ignored by rseqc/junction_annotation because it exceeded search pattern filesize limit: SEsample_fastqc.html
[2022-06-25 16:22:03,051] multiqc                                            [DEBUG  ]  File ignored by rseqc/read_distribution because it exceeded search pattern filesize limit: SEsample_fastqc.html
[2022-06-25 16:22:03,051] multiqc                                            [DEBUG  ]  File ignored by rseqc/infer_experiment because it exceeded search pattern filesize limit: SEsample_fastqc.html
[2022-06-25 16:22:03,122] multiqc                                            [DEBUG  ]  File ignored by ccs/v4 because it exceeded search pattern filesize limit: PEsample_wgbs_2_val_2_fastqc.html
[2022-06-25 16:22:03,123] multiqc                                            [DEBUG  ]  File ignored by hicexplorer because it exceeded search pattern filesize limit: PEsample_wgbs_2_val_2_fastqc.html
[2022-06-25 16:22:03,123] multiqc                                            [DEBUG  ]  File ignored by nanostat because it exceeded search pattern filesize limit: PEsample_wgbs_2_val_2_fastqc.html
[2022-06-25 16:22:03,123] multiqc                                            [DEBUG  ]  File ignored by lima/summary because it exceeded search pattern filesize limit: PEsample_wgbs_2_val_2_fastqc.html
[2022-06-25 16:22:03,125] multiqc                                            [DEBUG  ]  File ignored by vep/vep_txt because it exceeded search pattern filesize limit: PEsample_wgbs_2_val_2_fastqc.html
[2022-06-25 16:22:03,125] multiqc                                            [DEBUG  ]  File ignored by longranger/invocation because it exceeded search pattern filesize limit: PEsample_wgbs_2_val_2_fastqc.html
[2022-06-25 16:22:03,125] multiqc                                            [DEBUG  ]  File ignored by rockhopper because it exceeded search pattern filesize limit: PEsample_wgbs_2_val_2_fastqc.html
[2022-06-25 16:22:03,125] multiqc                                            [DEBUG  ]  File ignored by rseqc/bam_stat because it exceeded search pattern filesize limit: PEsample_wgbs_2_val_2_fastqc.html
[2022-06-25 16:22:03,125] multiqc                                            [DEBUG  ]  File ignored by rseqc/junction_annotation because it exceeded search pattern filesize limit: PEsample_wgbs_2_val_2_fastqc.html
[2022-06-25 16:22:03,125] multiqc                                            [DEBUG  ]  File ignored by rseqc/read_distribution because it exceeded search pattern filesize limit: PEsample_wgbs_2_val_2_fastqc.html
[2022-06-25 16:22:03,125] multiqc                                            [DEBUG  ]  File ignored by rseqc/infer_experiment because it exceeded search pattern filesize limit: PEsample_wgbs_2_val_2_fastqc.html
[2022-06-25 16:22:03,191] multiqc                                            [DEBUG  ]  File ignored by ccs/v4 because it exceeded search pattern filesize limit: PEsample_wgbs_1_val_1_fastqc.html
[2022-06-25 16:22:03,192] multiqc                                            [DEBUG  ]  File ignored by hicexplorer because it exceeded search pattern filesize limit: PEsample_wgbs_1_val_1_fastqc.html
[2022-06-25 16:22:03,192] multiqc                                            [DEBUG  ]  File ignored by nanostat because it exceeded search pattern filesize limit: PEsample_wgbs_1_val_1_fastqc.html
[2022-06-25 16:22:03,192] multiqc                                            [DEBUG  ]  File ignored by lima/summary because it exceeded search pattern filesize limit: PEsample_wgbs_1_val_1_fastqc.html
[2022-06-25 16:22:03,194] multiqc                                            [DEBUG  ]  File ignored by vep/vep_txt because it exceeded search pattern filesize limit: PEsample_wgbs_1_val_1_fastqc.html
[2022-06-25 16:22:03,194] multiqc                                            [DEBUG  ]  File ignored by longranger/invocation because it exceeded search pattern filesize limit: PEsample_wgbs_1_val_1_fastqc.html
[2022-06-25 16:22:03,194] multiqc                                            [DEBUG  ]  File ignored by rockhopper because it exceeded search pattern filesize limit: PEsample_wgbs_1_val_1_fastqc.html
[2022-06-25 16:22:03,194] multiqc                                            [DEBUG  ]  File ignored by rseqc/bam_stat because it exceeded search pattern filesize limit: PEsample_wgbs_1_val_1_fastqc.html
[2022-06-25 16:22:03,194] multiqc                                            [DEBUG  ]  File ignored by rseqc/junction_annotation because it exceeded search pattern filesize limit: PEsample_wgbs_1_val_1_fastqc.html
[2022-06-25 16:22:03,194] multiqc                                            [DEBUG  ]  File ignored by rseqc/read_distribution because it exceeded search pattern filesize limit: PEsample_wgbs_1_val_1_fastqc.html
[2022-06-25 16:22:03,194] multiqc                                            [DEBUG  ]  File ignored by rseqc/infer_experiment because it exceeded search pattern filesize limit: PEsample_wgbs_1_val_1_fastqc.html
[2022-06-25 16:22:03,278] multiqc                                            [DEBUG  ]  File ignored by ccs/v4 because it exceeded search pattern filesize limit: SEsample_trimmed_fastqc.html
[2022-06-25 16:22:03,279] multiqc                                            [DEBUG  ]  File ignored by hicexplorer because it exceeded search pattern filesize limit: SEsample_trimmed_fastqc.html
[2022-06-25 16:22:03,279] multiqc                                            [DEBUG  ]  File ignored by nanostat because it exceeded search pattern filesize limit: SEsample_trimmed_fastqc.html
[2022-06-25 16:22:03,279] multiqc                                            [DEBUG  ]  File ignored by lima/summary because it exceeded search pattern filesize limit: SEsample_trimmed_fastqc.html
[2022-06-25 16:22:03,281] multiqc                                            [DEBUG  ]  File ignored by vep/vep_txt because it exceeded search pattern filesize limit: SEsample_trimmed_fastqc.html
[2022-06-25 16:22:03,281] multiqc                                            [DEBUG  ]  File ignored by longranger/invocation because it exceeded search pattern filesize limit: SEsample_trimmed_fastqc.html
[2022-06-25 16:22:03,281] multiqc                                            [DEBUG  ]  File ignored by rockhopper because it exceeded search pattern filesize limit: SEsample_trimmed_fastqc.html
[2022-06-25 16:22:03,281] multiqc                                            [DEBUG  ]  File ignored by rseqc/bam_stat because it exceeded search pattern filesize limit: SEsample_trimmed_fastqc.html
[2022-06-25 16:22:03,281] multiqc                                            [DEBUG  ]  File ignored by rseqc/junction_annotation because it exceeded search pattern filesize limit: SEsample_trimmed_fastqc.html
[2022-06-25 16:22:03,281] multiqc                                            [DEBUG  ]  File ignored by rseqc/read_distribution because it exceeded search pattern filesize limit: SEsample_trimmed_fastqc.html
[2022-06-25 16:22:03,281] multiqc                                            [DEBUG  ]  File ignored by rseqc/infer_experiment because it exceeded search pattern filesize limit: SEsample_trimmed_fastqc.html
[2022-06-25 16:22:04,005] multiqc.plots.bargraph                             [DEBUG  ]  Using matplotlib version 3.5.2
[2022-06-25 16:22:04,005] multiqc.plots.linegraph                            [DEBUG  ]  Using matplotlib version 3.5.2
[2022-06-25 16:22:04,006] multiqc                                            [DEBUG  ]  No samples found: custom_content
[2022-06-25 16:22:04,010] multiqc                                            [DEBUG  ]  No samples found: ccs
[2022-06-25 16:22:04,013] multiqc                                            [DEBUG  ]  No samples found: ngsderive
[2022-06-25 16:22:04,016] multiqc                                            [DEBUG  ]  No samples found: purple
[2022-06-25 16:22:04,019] multiqc                                            [DEBUG  ]  No samples found: conpair
[2022-06-25 16:22:04,022] multiqc                                            [DEBUG  ]  No samples found: lima
[2022-06-25 16:22:04,026] multiqc                                            [DEBUG  ]  No samples found: peddy
[2022-06-25 16:22:04,029] multiqc                                            [DEBUG  ]  No samples found: somalier
[2022-06-25 16:22:04,033] multiqc                                            [DEBUG  ]  No samples found: methylQA
[2022-06-25 16:22:04,036] multiqc.modules.mosdepth.mosdepth                  [DEBUG  ]  include_contigs: []
[2022-06-25 16:22:04,036] multiqc.modules.mosdepth.mosdepth                  [DEBUG  ]  exclude_contigs: []
[2022-06-25 16:22:04,036] multiqc                                            [DEBUG  ]  No samples found: mosdepth
[2022-06-25 16:22:04,040] multiqc                                            [DEBUG  ]  No samples found: phantompeakqualtools
[2022-06-25 16:22:04,043] multiqc                                            [DEBUG  ]  No samples found: qualimap
[2022-06-25 16:22:04,046] multiqc                                            [DEBUG  ]  No samples found: preseq
[2022-06-25 16:22:04,049] multiqc                                            [DEBUG  ]  No samples found: quast
[2022-06-25 16:22:04,052] multiqc                                            [DEBUG  ]  No samples found: qorts
[2022-06-25 16:22:04,056] multiqc                                            [DEBUG  ]  No samples found: rna_seqc
[2022-06-25 16:22:04,059] multiqc                                            [DEBUG  ]  No samples found: rockhopper
[2022-06-25 16:22:04,062] multiqc                                            [DEBUG  ]  No samples found: rsem
[2022-06-25 16:22:04,067] multiqc                                            [DEBUG  ]  No samples found: rseqc
[2022-06-25 16:22:04,070] multiqc                                            [DEBUG  ]  No samples found: busco
[2022-06-25 16:22:04,073] multiqc                                            [DEBUG  ]  No samples found: bustools
[2022-06-25 16:22:04,077] multiqc                                            [DEBUG  ]  No samples found: goleft_indexcov
[2022-06-25 16:22:04,080] multiqc                                            [DEBUG  ]  No samples found: gffcompare
[2022-06-25 16:22:04,083] multiqc                                            [DEBUG  ]  No samples found: disambiguate
[2022-06-25 16:22:04,087] multiqc                                            [DEBUG  ]  No samples found: supernova
[2022-06-25 16:22:04,091] multiqc                                            [DEBUG  ]  No samples found: deeptools
[2022-06-25 16:22:04,095] multiqc                                            [DEBUG  ]  No samples found: sargasso
[2022-06-25 16:22:04,098] multiqc                                            [DEBUG  ]  No samples found: verifybamid
[2022-06-25 16:22:04,101] multiqc                                            [DEBUG  ]  No samples found: mirtrace
[2022-06-25 16:22:04,104] multiqc                                            [DEBUG  ]  No samples found: happy
[2022-06-25 16:22:04,107] multiqc                                            [DEBUG  ]  No samples found: mirtop
[2022-06-25 16:22:04,110] multiqc                                            [DEBUG  ]  No samples found: sambamba
[2022-06-25 16:22:04,115] multiqc                                            [DEBUG  ]  No samples found: homer
[2022-06-25 16:22:04,118] multiqc                                            [DEBUG  ]  No samples found: hops
[2022-06-25 16:22:04,121] multiqc                                            [DEBUG  ]  No samples found: macs2
[2022-06-25 16:22:04,124] multiqc                                            [DEBUG  ]  No samples found: theta2
[2022-06-25 16:22:04,127] multiqc                                            [DEBUG  ]  No samples found: snpeff
[2022-06-25 16:22:04,131] multiqc                                            [DEBUG  ]  No samples found: gatk
[2022-06-25 16:22:04,134] multiqc                                            [DEBUG  ]  No samples found: htseq
[2022-06-25 16:22:04,137] multiqc                                            [DEBUG  ]  No samples found: bcftools
[2022-06-25 16:22:04,141] multiqc                                            [DEBUG  ]  No samples found: featureCounts
[2022-06-25 16:22:04,144] multiqc                                            [DEBUG  ]  No samples found: fgbio
[2022-06-25 16:22:04,149] multiqc                                            [DEBUG  ]  No samples found: dragen
[2022-06-25 16:22:04,152] multiqc                                            [DEBUG  ]  No samples found: dedup
[2022-06-25 16:22:04,155] multiqc                                            [DEBUG  ]  No samples found: damageprofiler
[2022-06-25 16:22:04,163] multiqc                                            [DEBUG  ]  No samples found: biobambam2
[2022-06-25 16:22:04,166] multiqc                                            [DEBUG  ]  No samples found: jcvi
[2022-06-25 16:22:04,169] multiqc                                            [DEBUG  ]  No samples found: mtnucratio
[2022-06-25 16:22:04,172] multiqc                                            [DEBUG  ]  No samples found: picard
[2022-06-25 16:22:04,176] multiqc                                            [DEBUG  ]  No samples found: vep
[2022-06-25 16:22:04,179] multiqc                                            [DEBUG  ]  No samples found: sentieon
[2022-06-25 16:22:04,182] multiqc                                            [DEBUG  ]  No samples found: prokka
[2022-06-25 16:22:04,185] multiqc                                            [DEBUG  ]  No samples found: qc3C
[2022-06-25 16:22:04,189] multiqc                                            [DEBUG  ]  No samples found: nanostat
[2022-06-25 16:22:04,192] multiqc                                            [DEBUG  ]  No samples found: samblaster
[2022-06-25 16:22:04,204] multiqc.modules.samtools.samtools                  [INFO   ]  Found 2 stats reports
[2022-06-25 16:22:04,208] multiqc.modules.samtools.samtools                  [INFO   ]  Found 2 flagstat reports
[2022-06-25 16:22:04,212] multiqc.modules.samtools.samtools                  [INFO   ]  Found 2 idxstats reports
[2022-06-25 16:22:04,215] multiqc                                            [DEBUG  ]  No samples found: sexdeterrmine
[2022-06-25 16:22:04,218] multiqc                                            [DEBUG  ]  No samples found: eigenstratdatabasetools
[2022-06-25 16:22:04,222] multiqc                                            [DEBUG  ]  No samples found: bamtools
[2022-06-25 16:22:04,225] multiqc                                            [DEBUG  ]  No samples found: jellyfish
[2022-06-25 16:22:04,229] multiqc                                            [DEBUG  ]  No samples found: vcftools
[2022-06-25 16:22:04,232] multiqc                                            [DEBUG  ]  No samples found: longranger
[2022-06-25 16:22:04,235] multiqc                                            [DEBUG  ]  No samples found: stacks
[2022-06-25 16:22:04,238] multiqc                                            [DEBUG  ]  No samples found: varscan2
[2022-06-25 16:22:04,241] multiqc                                            [DEBUG  ]  No samples found: snippy
[2022-06-25 16:22:04,246] multiqc                                            [DEBUG  ]  No samples found: bbmap
[2022-06-25 16:22:04,250] multiqc                                            [DEBUG  ]  No samples found: bismark
[2022-06-25 16:22:04,253] multiqc                                            [DEBUG  ]  No samples found: biscuit
[2022-06-25 16:22:04,256] multiqc                                            [DEBUG  ]  No samples found: hicexplorer
[2022-06-25 16:22:04,259] multiqc                                            [DEBUG  ]  No samples found: hicup
[2022-06-25 16:22:04,262] multiqc                                            [DEBUG  ]  No samples found: hicpro
[2022-06-25 16:22:04,266] multiqc                                            [DEBUG  ]  No samples found: salmon
[2022-06-25 16:22:04,269] multiqc                                            [DEBUG  ]  No samples found: kallisto
[2022-06-25 16:22:04,272] multiqc                                            [DEBUG  ]  No samples found: slamdunk
[2022-06-25 16:22:04,275] multiqc                                            [DEBUG  ]  No samples found: star
[2022-06-25 16:22:04,278] multiqc                                            [DEBUG  ]  No samples found: hisat2
[2022-06-25 16:22:04,281] multiqc                                            [DEBUG  ]  No samples found: tophat
[2022-06-25 16:22:04,284] multiqc                                            [DEBUG  ]  No samples found: bowtie2
[2022-06-25 16:22:04,287] multiqc                                            [DEBUG  ]  No samples found: bowtie1
[2022-06-25 16:22:04,290] multiqc                                            [DEBUG  ]  No samples found: snpsplit
[2022-06-25 16:22:04,294] multiqc                                            [DEBUG  ]  No samples found: odgi
[2022-06-25 16:22:04,297] multiqc                                            [DEBUG  ]  No samples found: pangolin
[2022-06-25 16:22:04,300] multiqc                                            [DEBUG  ]  No samples found: kat
[2022-06-25 16:22:04,304] multiqc                                            [DEBUG  ]  No samples found: leehom
[2022-06-25 16:22:04,307] multiqc                                            [DEBUG  ]  No samples found: adapterRemoval
[2022-06-25 16:22:04,310] multiqc                                            [DEBUG  ]  No samples found: clipandmerge
[2022-06-25 16:22:04,319] multiqc.modules.cutadapt.cutadapt                  [DEBUG  ]  Duplicate sample name found! Overwriting: PEsample_wgbs_1
[2022-06-25 16:22:04,320] multiqc.modules.cutadapt.cutadapt                  [DEBUG  ]  Duplicate sample name found! Overwriting: PEsample_wgbs_2
[2022-06-25 16:22:04,322] multiqc.modules.cutadapt.cutadapt                  [DEBUG  ]  Duplicate sample name found! Overwriting: SEsample
[2022-06-25 16:22:04,323] multiqc.modules.cutadapt.cutadapt                  [INFO   ]  Found 3 reports
[2022-06-25 16:22:04,361] multiqc                                            [DEBUG  ]  No samples found: flexbar
[2022-06-25 16:22:04,365] multiqc                                            [DEBUG  ]  No samples found: kaiju
[2022-06-25 16:22:04,368] multiqc                                            [DEBUG  ]  No samples found: kraken
[2022-06-25 16:22:04,371] multiqc                                            [DEBUG  ]  No samples found: malt
[2022-06-25 16:22:04,374] multiqc                                            [DEBUG  ]  No samples found: trimmomatic
[2022-06-25 16:22:04,378] multiqc                                            [DEBUG  ]  No samples found: sickle
[2022-06-25 16:22:04,381] multiqc                                            [DEBUG  ]  No samples found: skewer
[2022-06-25 16:22:04,384] multiqc                                            [DEBUG  ]  No samples found: sortmerna
[2022-06-25 16:22:04,387] multiqc                                            [DEBUG  ]  No samples found: biobloomtools
[2022-06-25 16:22:04,390] multiqc                                            [DEBUG  ]  No samples found: fastq_screen
[2022-06-25 16:22:04,393] multiqc                                            [DEBUG  ]  No samples found: afterqc
[2022-06-25 16:22:04,397] multiqc                                            [DEBUG  ]  No samples found: fastp
[2022-06-25 16:22:04,462] multiqc.modules.fastqc.fastqc                      [DEBUG  ]  Duplicate sample name found! Overwriting: SEsample
[2022-06-25 16:22:04,476] multiqc.modules.fastqc.fastqc                      [DEBUG  ]  Skipping 'SEsample_fastqc.zip' as already parsed 'SEsample'
[2022-06-25 16:22:04,476] multiqc.modules.fastqc.fastqc                      [DEBUG  ]  Skipping 'PEsample_wgbs_2_fastqc.zip' as already parsed 'PEsample_wgbs_2'
[2022-06-25 16:22:04,476] multiqc.modules.fastqc.fastqc                      [DEBUG  ]  Skipping 'PEsample_wgbs_1_fastqc.zip' as already parsed 'PEsample_wgbs_1'
[2022-06-25 16:22:04,476] multiqc.modules.fastqc.fastqc                      [DEBUG  ]  Skipping 'PEsample_wgbs_1_val_1_fastqc.zip' as already parsed 'PEsample_wgbs_1_val_1'
[2022-06-25 16:22:04,477] multiqc.modules.fastqc.fastqc                      [DEBUG  ]  Duplicate sample name found! Overwriting: SEsample
[2022-06-25 16:22:04,490] multiqc.modules.fastqc.fastqc                      [DEBUG  ]  Skipping 'PEsample_wgbs_2_val_2_fastqc.zip' as already parsed 'PEsample_wgbs_2_val_2'
[2022-06-25 16:22:04,491] multiqc.modules.fastqc.fastqc                      [INFO   ]  Found 5 reports
[2022-06-25 16:22:04,544] multiqc                                            [DEBUG  ]  No samples found: pychopper
[2022-06-25 16:22:04,547] multiqc                                            [DEBUG  ]  No samples found: pycoqc
[2022-06-25 16:22:04,550] multiqc                                            [DEBUG  ]  No samples found: minionqc
[2022-06-25 16:22:04,553] multiqc                                            [DEBUG  ]  No samples found: multivcfanalyzer
[2022-06-25 16:22:04,556] multiqc                                            [DEBUG  ]  No samples found: clusterflow
[2022-06-25 16:22:04,559] multiqc                                            [DEBUG  ]  No samples found: bcl2fastq
[2022-06-25 16:22:04,562] multiqc                                            [DEBUG  ]  No samples found: bclconvert
[2022-06-25 16:22:04,565] multiqc                                            [DEBUG  ]  No samples found: interop
[2022-06-25 16:22:04,568] multiqc                                            [DEBUG  ]  No samples found: ivar
[2022-06-25 16:22:04,571] multiqc                                            [DEBUG  ]  No samples found: flash
[2022-06-25 16:22:04,574] multiqc                                            [DEBUG  ]  No samples found: seqyclean
[2022-06-25 16:22:04,577] multiqc                                            [DEBUG  ]  No samples found: optitype
[2022-06-25 16:22:04,588] multiqc                                            [INFO   ]  Compressing plot data
[2022-06-25 16:22:04,658] multiqc                                            [INFO   ]  Report      : Reports/multiqc/bwameth_multiqc_report.html
[2022-06-25 16:22:04,658] multiqc                                            [INFO   ]  Data        : Reports/multiqc/bwameth_multiqc_report_data
[2022-06-25 16:22:04,658] multiqc                                            [DEBUG  ]  Moving data file from '/tmp/tmp1376730f/multiqc_data' to '/home/data/t020329/ngs/new_meth/results/Reports/multiqc/bwameth_multiqc_report_data'
[2022-06-25 16:22:04,740] multiqc                                            [INFO   ]  MultiQC complete
