running: /home/data/t020329/ngs/new_meth/results/.snakemake/conda/bd37accbd05b558956b600aae7da87f0/bin/python /home/data/t020329/ngs/new_meth/results/.snakemake/conda/bd37accbd05b558956b600aae7da87f0/bin/bwameth.py c2t /home/data/t020329/ngs/new_meth/results/02_trimming/PEsample_wgbs_1_val_1.fq.gz /home/data/t020329/ngs/new_meth/results/02_trimming/PEsample_wgbs_2_val_2.fq.gz |bwa mem -T 40 -B 2 -L 10 -CM -U 100 -p -R '@RG\tID:PEsample_wgbs__val_\tSM:PEsample_wgbs__val_' -t 6  /home/data/t020329/ngs/new_meth/resources/sample.fasta.bwameth.c2t -
[M::bwa_idx_load_from_disk] read 0 ALT contigs
converting reads in /home/data/t020329/ngs/new_meth/results/02_trimming/PEsample_wgbs_1_val_1.fq.gz,/home/data/t020329/ngs/new_meth/results/02_trimming/PEsample_wgbs_2_val_2.fq.gz
WARNING: 311 reads with length < 80
       : this program is designed for long reads
[M::process] read 2826 sequences (378015 bp)...
[M::process] 0 single-end sequences; 2826 paired-end sequences
[M::mem_pestat] # candidate unique pairs for (FF, FR, RF, RR): (0, 564, 0, 0)
[M::mem_pestat] skip orientation FF as there are not enough pairs
[M::mem_pestat] analyzing insert size distribution for orientation FR...
[M::mem_pestat] (25, 50, 75) percentile: (138, 209, 232)
[M::mem_pestat] low and high boundaries for computing mean and std.dev: (1, 420)
[M::mem_pestat] mean and std.dev: (182.99, 65.39)
[M::mem_pestat] low and high boundaries for proper pairs: (1, 514)
[M::mem_pestat] skip orientation RF as there are not enough pairs
[M::mem_pestat] skip orientation RR as there are not enough pairs
[M::mem_process_seqs] Processed 2826 reads in 0.200 CPU sec, 0.034 real sec
[main] Version: 0.7.17-r1188
[main] CMD: bwa mem -T 40 -B 2 -L 10 -CM -U 100 -p -R @RG\tID:PEsample_wgbs__val_\tSM:PEsample_wgbs__val_ -t 6 /home/data/t020329/ngs/new_meth/resources/sample.fasta.bwameth.c2t -
[main] Real time: 0.174 sec; CPU: 0.215 sec
