[2022-06-25 16:22:00,790] multiqc                                            [DEBUG  ]  This is MultiQC v1.11
[2022-06-25 16:22:00,791] multiqc                                            [DEBUG  ]  No MultiQC config found: /home/data/t020329/ngs/new_meth/results/.snakemake/conda/755253f1c5e2dd178f912437cf55f8dd/lib/python3.10/site-packages/multiqc_config.yaml
[2022-06-25 16:22:00,791] multiqc                                            [DEBUG  ]  No MultiQC config found: /home/data/t020329/.multiqc_config.yaml
[2022-06-25 16:22:00,791] multiqc                                            [DEBUG  ]  No MultiQC config found: multiqc_config.yaml
[2022-06-25 16:22:00,791] multiqc                                            [DEBUG  ]  Command used: /home/data/t020329/ngs/new_meth/results/.snakemake/conda/755253f1c5e2dd178f912437cf55f8dd/bin/multiqc -f -n /home/data/t020329/ngs/new_meth/results/Reports/multiqc/bismark_multiqc_report.html /home/data/t020329/ngs/new_meth/results/01_raw_QC/PEsample_wgbs_1_fastqc.zip /home/data/t020329/ngs/new_meth/results/01_raw_QC/PEsample_wgbs_2_fastqc.zip /home/data/t020329/ngs/new_meth/results/01_raw_QC/SEsample_fastqc.zip /home/data/t020329/ngs/new_meth/results/02_trimming/PEsample_wgbs_1_val_1.fq.gz /home/data/t020329/ngs/new_meth/results/02_trimming/PEsample_wgbs_2_val_2.fq.gz /home/data/t020329/ngs/new_meth/results/02_trimming/SEsample_trimmed.fq.gz /home/data/t020329/ngs/new_meth/results/03_posttrimming_QC/PEsample_wgbs_1_val_1_fastqc.zip /home/data/t020329/ngs/new_meth/results/03_posttrimming_QC/PEsample_wgbs_2_val_2_fastqc.zip /home/data/t020329/ngs/new_meth/results/03_posttrimming_QC/SEsample_trimmed_fastqc.zip /home/data/t020329/ngs/new_meth/results/04_mapping/PEsample_wgbs_1_val_1_bismark_bt2_PE_report.txt /home/data/t020329/ngs/new_meth/results/04_mapping/PEsample_wgbs_1_val_1_bismark_bt2_pe.bam /home/data/t020329/ngs/new_meth/results/04_mapping/SEsample_trimmed_bismark_bt2_SE_report.txt /home/data/t020329/ngs/new_meth/results/04_mapping/SEsample_trimmed_bismark_bt2.bam /home/data/t020329/ngs/new_meth/results/02_trimming/ /home/data/t020329/ngs/new_meth/results/01_raw_QC/ /home/data/t020329/ngs/new_meth/results/03_posttrimming_QC/
[2022-06-25 16:22:02,332] multiqc                                            [WARNING]  MultiQC Version v1.12 now available!
[2022-06-25 16:22:02,332] multiqc                                            [DEBUG  ]  Command     : /home/data/t020329/ngs/new_meth/results/.snakemake/conda/755253f1c5e2dd178f912437cf55f8dd/bin/multiqc -f -n /home/data/t020329/ngs/new_meth/results/Reports/multiqc/bismark_multiqc_report.html /home/data/t020329/ngs/new_meth/results/01_raw_QC/PEsample_wgbs_1_fastqc.zip /home/data/t020329/ngs/new_meth/results/01_raw_QC/PEsample_wgbs_2_fastqc.zip /home/data/t020329/ngs/new_meth/results/01_raw_QC/SEsample_fastqc.zip /home/data/t020329/ngs/new_meth/results/02_trimming/PEsample_wgbs_1_val_1.fq.gz /home/data/t020329/ngs/new_meth/results/02_trimming/PEsample_wgbs_2_val_2.fq.gz /home/data/t020329/ngs/new_meth/results/02_trimming/SEsample_trimmed.fq.gz /home/data/t020329/ngs/new_meth/results/03_posttrimming_QC/PEsample_wgbs_1_val_1_fastqc.zip /home/data/t020329/ngs/new_meth/results/03_posttrimming_QC/PEsample_wgbs_2_val_2_fastqc.zip /home/data/t020329/ngs/new_meth/results/03_posttrimming_QC/SEsample_trimmed_fastqc.zip /home/data/t020329/ngs/new_meth/results/04_mapping/PEsample_wgbs_1_val_1_bismark_bt2_PE_report.txt /home/data/t020329/ngs/new_meth/results/04_mapping/PEsample_wgbs_1_val_1_bismark_bt2_pe.bam /home/data/t020329/ngs/new_meth/results/04_mapping/SEsample_trimmed_bismark_bt2_SE_report.txt /home/data/t020329/ngs/new_meth/results/04_mapping/SEsample_trimmed_bismark_bt2.bam /home/data/t020329/ngs/new_meth/results/02_trimming/ /home/data/t020329/ngs/new_meth/results/01_raw_QC/ /home/data/t020329/ngs/new_meth/results/03_posttrimming_QC/
[2022-06-25 16:22:02,332] multiqc                                            [DEBUG  ]  Working dir : /home/data/t020329/ngs/new_meth/results
[2022-06-25 16:22:02,333] multiqc                                            [DEBUG  ]  Template    : default
[2022-06-25 16:22:02,333] multiqc                                            [DEBUG  ]  Running Python 3.10.5 | packaged by conda-forge | (main, Jun 14 2022, 07:06:46) [GCC 10.3.0]
[2022-06-25 16:22:02,334] multiqc                                            [DEBUG  ]  Analysing modules: custom_content, ccs, ngsderive, purple, conpair, lima, peddy, somalier, methylQA, mosdepth, phantompeakqualtools, qualimap, preseq, quast, qorts, rna_seqc, rockhopper, rsem, rseqc, busco, bustools, goleft_indexcov, gffcompare, disambiguate, supernova, deeptools, sargasso, verifybamid, mirtrace, happy, mirtop, sambamba, homer, hops, macs2, theta2, snpeff, gatk, htseq, bcftools, featureCounts, fgbio, dragen, dedup, damageprofiler, biobambam2, jcvi, mtnucratio, picard, vep, sentieon, prokka, qc3C, nanostat, samblaster, samtools, sexdeterrmine, eigenstratdatabasetools, bamtools, jellyfish, vcftools, longranger, stacks, varscan2, snippy, bbmap, bismark, biscuit, hicexplorer, hicup, hicpro, salmon, kallisto, slamdunk, star, hisat2, tophat, bowtie2, bowtie1, snpsplit, odgi, pangolin, kat, leehom, adapterRemoval, clipandmerge, cutadapt, flexbar, kaiju, kraken, malt, trimmomatic, sickle, skewer, sortmerna, biobloomtools, fastq_screen, afterqc, fastp, fastqc, pychopper, pycoqc, minionqc, multivcfanalyzer, clusterflow, bcl2fastq, bclconvert, interop, ivar, flash, seqyclean, optitype
[2022-06-25 16:22:02,334] multiqc                                            [DEBUG  ]  Using temporary directory for creating report: /tmp/tmpqbjffhpk
[2022-06-25 16:22:02,512] multiqc                                            [INFO   ]  Search path : /home/data/t020329/ngs/new_meth/results/01_raw_QC/PEsample_wgbs_1_fastqc.zip
[2022-06-25 16:22:02,512] multiqc                                            [INFO   ]  Search path : /home/data/t020329/ngs/new_meth/results/01_raw_QC/PEsample_wgbs_2_fastqc.zip
[2022-06-25 16:22:02,512] multiqc                                            [INFO   ]  Search path : /home/data/t020329/ngs/new_meth/results/01_raw_QC/SEsample_fastqc.zip
[2022-06-25 16:22:02,512] multiqc                                            [INFO   ]  Search path : /home/data/t020329/ngs/new_meth/results/02_trimming/PEsample_wgbs_1_val_1.fq.gz
[2022-06-25 16:22:02,512] multiqc                                            [INFO   ]  Search path : /home/data/t020329/ngs/new_meth/results/02_trimming/PEsample_wgbs_2_val_2.fq.gz
[2022-06-25 16:22:02,512] multiqc                                            [INFO   ]  Search path : /home/data/t020329/ngs/new_meth/results/02_trimming/SEsample_trimmed.fq.gz
[2022-06-25 16:22:02,512] multiqc                                            [INFO   ]  Search path : /home/data/t020329/ngs/new_meth/results/03_posttrimming_QC/PEsample_wgbs_1_val_1_fastqc.zip
[2022-06-25 16:22:02,512] multiqc                                            [INFO   ]  Search path : /home/data/t020329/ngs/new_meth/results/03_posttrimming_QC/PEsample_wgbs_2_val_2_fastqc.zip
[2022-06-25 16:22:02,512] multiqc                                            [INFO   ]  Search path : /home/data/t020329/ngs/new_meth/results/03_posttrimming_QC/SEsample_trimmed_fastqc.zip
[2022-06-25 16:22:02,512] multiqc                                            [INFO   ]  Search path : /home/data/t020329/ngs/new_meth/results/04_mapping/PEsample_wgbs_1_val_1_bismark_bt2_PE_report.txt
[2022-06-25 16:22:02,512] multiqc                                            [INFO   ]  Search path : /home/data/t020329/ngs/new_meth/results/04_mapping/PEsample_wgbs_1_val_1_bismark_bt2_pe.bam
[2022-06-25 16:22:02,512] multiqc                                            [INFO   ]  Search path : /home/data/t020329/ngs/new_meth/results/04_mapping/SEsample_trimmed_bismark_bt2_SE_report.txt
[2022-06-25 16:22:02,512] multiqc                                            [INFO   ]  Search path : /home/data/t020329/ngs/new_meth/results/04_mapping/SEsample_trimmed_bismark_bt2.bam
[2022-06-25 16:22:02,513] multiqc                                            [INFO   ]  Search path : /home/data/t020329/ngs/new_meth/results/02_trimming
[2022-06-25 16:22:02,513] multiqc                                            [INFO   ]  Search path : /home/data/t020329/ngs/new_meth/results/01_raw_QC
[2022-06-25 16:22:02,513] multiqc                                            [INFO   ]  Search path : /home/data/t020329/ngs/new_meth/results/03_posttrimming_QC
[2022-06-25 16:22:02,528] multiqc                                            [DEBUG  ]  Ignoring file as matched an ignore pattern: PEsample_wgbs_1_val_1.fq.gz
[2022-06-25 16:22:02,528] multiqc                                            [DEBUG  ]  Ignoring file as matched an ignore pattern: PEsample_wgbs_2_val_2.fq.gz
[2022-06-25 16:22:02,528] multiqc                                            [DEBUG  ]  Ignoring file as matched an ignore pattern: SEsample_trimmed.fq.gz
[2022-06-25 16:22:02,530] multiqc                                            [DEBUG  ]  Ignoring file as matched an ignore pattern: PEsample_wgbs_1_val_1_bismark_bt2_pe.bam
[2022-06-25 16:22:02,530] multiqc                                            [DEBUG  ]  Ignoring file as matched an ignore pattern: SEsample_trimmed_bismark_bt2.bam
[2022-06-25 16:22:02,542] multiqc                                            [DEBUG  ]  File ignored by ccs/v4 because it exceeded search pattern filesize limit: PEsample_wgbs.trimgalore.log
[2022-06-25 16:22:02,543] multiqc                                            [DEBUG  ]  File ignored by hicexplorer because it exceeded search pattern filesize limit: PEsample_wgbs.trimgalore.log
[2022-06-25 16:22:02,543] multiqc                                            [DEBUG  ]  File ignored by nanostat because it exceeded search pattern filesize limit: PEsample_wgbs.trimgalore.log
[2022-06-25 16:22:02,543] multiqc                                            [DEBUG  ]  File ignored by lima/summary because it exceeded search pattern filesize limit: PEsample_wgbs.trimgalore.log
[2022-06-25 16:22:02,546] multiqc                                            [DEBUG  ]  File ignored by longranger/invocation because it exceeded search pattern filesize limit: PEsample_wgbs.trimgalore.log
[2022-06-25 16:22:02,554] multiqc                                            [DEBUG  ]  Ignoring file as matched an ignore pattern: PEsample_wgbs_2_val_2.fq.gz
[2022-06-25 16:22:02,554] multiqc                                            [DEBUG  ]  Ignoring file as matched an ignore pattern: PEsample_wgbs_1_val_1.fq.gz
[2022-06-25 16:22:02,556] multiqc                                            [DEBUG  ]  File ignored by ccs/v4 because it exceeded search pattern filesize limit: PEsample_wgbs_1.fq.gz_trimming_report.txt
[2022-06-25 16:22:02,557] multiqc                                            [DEBUG  ]  File ignored by lima/summary because it exceeded search pattern filesize limit: PEsample_wgbs_1.fq.gz_trimming_report.txt
[2022-06-25 16:22:02,559] multiqc                                            [DEBUG  ]  File ignored by longranger/invocation because it exceeded search pattern filesize limit: PEsample_wgbs_1.fq.gz_trimming_report.txt
[2022-06-25 16:22:02,564] multiqc                                            [DEBUG  ]  File ignored by ccs/v4 because it exceeded search pattern filesize limit: PEsample_wgbs_2.fq.gz_trimming_report.txt
[2022-06-25 16:22:02,565] multiqc                                            [DEBUG  ]  File ignored by lima/summary because it exceeded search pattern filesize limit: PEsample_wgbs_2.fq.gz_trimming_report.txt
[2022-06-25 16:22:02,566] multiqc                                            [DEBUG  ]  File ignored by longranger/invocation because it exceeded search pattern filesize limit: PEsample_wgbs_2.fq.gz_trimming_report.txt
[2022-06-25 16:22:02,570] multiqc                                            [DEBUG  ]  Ignoring file as matched an ignore pattern: SEsample_trimmed.fq.gz
[2022-06-25 16:22:02,572] multiqc                                            [DEBUG  ]  File ignored by ccs/v4 because it exceeded search pattern filesize limit: SEsample.trimgalore.log
[2022-06-25 16:22:02,573] multiqc                                            [DEBUG  ]  File ignored by lima/summary because it exceeded search pattern filesize limit: SEsample.trimgalore.log
[2022-06-25 16:22:02,575] multiqc                                            [DEBUG  ]  File ignored by longranger/invocation because it exceeded search pattern filesize limit: SEsample.trimgalore.log
[2022-06-25 16:22:02,581] multiqc                                            [DEBUG  ]  File ignored by ccs/v4 because it exceeded search pattern filesize limit: SEsample.fq.gz_trimming_report.txt
[2022-06-25 16:22:02,582] multiqc                                            [DEBUG  ]  File ignored by lima/summary because it exceeded search pattern filesize limit: SEsample.fq.gz_trimming_report.txt
[2022-06-25 16:22:02,583] multiqc                                            [DEBUG  ]  File ignored by longranger/invocation because it exceeded search pattern filesize limit: SEsample.fq.gz_trimming_report.txt
[2022-06-25 16:22:02,597] multiqc                                            [DEBUG  ]  File ignored by ccs/v4 because it exceeded search pattern filesize limit: PEsample_wgbs_2_fastqc.html
[2022-06-25 16:22:02,598] multiqc                                            [DEBUG  ]  File ignored by hicexplorer because it exceeded search pattern filesize limit: PEsample_wgbs_2_fastqc.html
[2022-06-25 16:22:02,598] multiqc                                            [DEBUG  ]  File ignored by nanostat because it exceeded search pattern filesize limit: PEsample_wgbs_2_fastqc.html
[2022-06-25 16:22:02,598] multiqc                                            [DEBUG  ]  File ignored by lima/summary because it exceeded search pattern filesize limit: PEsample_wgbs_2_fastqc.html
[2022-06-25 16:22:02,600] multiqc                                            [DEBUG  ]  File ignored by vep/vep_txt because it exceeded search pattern filesize limit: PEsample_wgbs_2_fastqc.html
[2022-06-25 16:22:02,600] multiqc                                            [DEBUG  ]  File ignored by longranger/invocation because it exceeded search pattern filesize limit: PEsample_wgbs_2_fastqc.html
[2022-06-25 16:22:02,600] multiqc                                            [DEBUG  ]  File ignored by rockhopper because it exceeded search pattern filesize limit: PEsample_wgbs_2_fastqc.html
[2022-06-25 16:22:02,600] multiqc                                            [DEBUG  ]  File ignored by rseqc/bam_stat because it exceeded search pattern filesize limit: PEsample_wgbs_2_fastqc.html
[2022-06-25 16:22:02,600] multiqc                                            [DEBUG  ]  File ignored by rseqc/junction_annotation because it exceeded search pattern filesize limit: PEsample_wgbs_2_fastqc.html
[2022-06-25 16:22:02,600] multiqc                                            [DEBUG  ]  File ignored by rseqc/read_distribution because it exceeded search pattern filesize limit: PEsample_wgbs_2_fastqc.html
[2022-06-25 16:22:02,600] multiqc                                            [DEBUG  ]  File ignored by rseqc/infer_experiment because it exceeded search pattern filesize limit: PEsample_wgbs_2_fastqc.html
[2022-06-25 16:22:02,671] multiqc                                            [DEBUG  ]  File ignored by ccs/v4 because it exceeded search pattern filesize limit: PEsample_wgbs_1_fastqc.html
[2022-06-25 16:22:02,672] multiqc                                            [DEBUG  ]  File ignored by hicexplorer because it exceeded search pattern filesize limit: PEsample_wgbs_1_fastqc.html
[2022-06-25 16:22:02,673] multiqc                                            [DEBUG  ]  File ignored by nanostat because it exceeded search pattern filesize limit: PEsample_wgbs_1_fastqc.html
[2022-06-25 16:22:02,673] multiqc                                            [DEBUG  ]  File ignored by lima/summary because it exceeded search pattern filesize limit: PEsample_wgbs_1_fastqc.html
[2022-06-25 16:22:02,674] multiqc                                            [DEBUG  ]  File ignored by vep/vep_txt because it exceeded search pattern filesize limit: PEsample_wgbs_1_fastqc.html
[2022-06-25 16:22:02,674] multiqc                                            [DEBUG  ]  File ignored by longranger/invocation because it exceeded search pattern filesize limit: PEsample_wgbs_1_fastqc.html
[2022-06-25 16:22:02,674] multiqc                                            [DEBUG  ]  File ignored by rockhopper because it exceeded search pattern filesize limit: PEsample_wgbs_1_fastqc.html
[2022-06-25 16:22:02,674] multiqc                                            [DEBUG  ]  File ignored by rseqc/bam_stat because it exceeded search pattern filesize limit: PEsample_wgbs_1_fastqc.html
[2022-06-25 16:22:02,675] multiqc                                            [DEBUG  ]  File ignored by rseqc/junction_annotation because it exceeded search pattern filesize limit: PEsample_wgbs_1_fastqc.html
[2022-06-25 16:22:02,675] multiqc                                            [DEBUG  ]  File ignored by rseqc/read_distribution because it exceeded search pattern filesize limit: PEsample_wgbs_1_fastqc.html
[2022-06-25 16:22:02,675] multiqc                                            [DEBUG  ]  File ignored by rseqc/infer_experiment because it exceeded search pattern filesize limit: PEsample_wgbs_1_fastqc.html
[2022-06-25 16:22:02,748] multiqc                                            [DEBUG  ]  File ignored by ccs/v4 because it exceeded search pattern filesize limit: SEsample_fastqc.html
[2022-06-25 16:22:02,750] multiqc                                            [DEBUG  ]  File ignored by hicexplorer because it exceeded search pattern filesize limit: SEsample_fastqc.html
[2022-06-25 16:22:02,750] multiqc                                            [DEBUG  ]  File ignored by nanostat because it exceeded search pattern filesize limit: SEsample_fastqc.html
[2022-06-25 16:22:02,750] multiqc                                            [DEBUG  ]  File ignored by lima/summary because it exceeded search pattern filesize limit: SEsample_fastqc.html
[2022-06-25 16:22:02,752] multiqc                                            [DEBUG  ]  File ignored by vep/vep_txt because it exceeded search pattern filesize limit: SEsample_fastqc.html
[2022-06-25 16:22:02,752] multiqc                                            [DEBUG  ]  File ignored by longranger/invocation because it exceeded search pattern filesize limit: SEsample_fastqc.html
[2022-06-25 16:22:02,752] multiqc                                            [DEBUG  ]  File ignored by rockhopper because it exceeded search pattern filesize limit: SEsample_fastqc.html
[2022-06-25 16:22:02,752] multiqc                                            [DEBUG  ]  File ignored by rseqc/bam_stat because it exceeded search pattern filesize limit: SEsample_fastqc.html
[2022-06-25 16:22:02,752] multiqc                                            [DEBUG  ]  File ignored by rseqc/junction_annotation because it exceeded search pattern filesize limit: SEsample_fastqc.html
[2022-06-25 16:22:02,752] multiqc                                            [DEBUG  ]  File ignored by rseqc/read_distribution because it exceeded search pattern filesize limit: SEsample_fastqc.html
[2022-06-25 16:22:02,752] multiqc                                            [DEBUG  ]  File ignored by rseqc/infer_experiment because it exceeded search pattern filesize limit: SEsample_fastqc.html
[2022-06-25 16:22:02,824] multiqc                                            [DEBUG  ]  File ignored by ccs/v4 because it exceeded search pattern filesize limit: PEsample_wgbs_2_val_2_fastqc.html
[2022-06-25 16:22:02,825] multiqc                                            [DEBUG  ]  File ignored by hicexplorer because it exceeded search pattern filesize limit: PEsample_wgbs_2_val_2_fastqc.html
[2022-06-25 16:22:02,825] multiqc                                            [DEBUG  ]  File ignored by nanostat because it exceeded search pattern filesize limit: PEsample_wgbs_2_val_2_fastqc.html
[2022-06-25 16:22:02,825] multiqc                                            [DEBUG  ]  File ignored by lima/summary because it exceeded search pattern filesize limit: PEsample_wgbs_2_val_2_fastqc.html
[2022-06-25 16:22:02,827] multiqc                                            [DEBUG  ]  File ignored by vep/vep_txt because it exceeded search pattern filesize limit: PEsample_wgbs_2_val_2_fastqc.html
[2022-06-25 16:22:02,827] multiqc                                            [DEBUG  ]  File ignored by longranger/invocation because it exceeded search pattern filesize limit: PEsample_wgbs_2_val_2_fastqc.html
[2022-06-25 16:22:02,827] multiqc                                            [DEBUG  ]  File ignored by rockhopper because it exceeded search pattern filesize limit: PEsample_wgbs_2_val_2_fastqc.html
[2022-06-25 16:22:02,827] multiqc                                            [DEBUG  ]  File ignored by rseqc/bam_stat because it exceeded search pattern filesize limit: PEsample_wgbs_2_val_2_fastqc.html
[2022-06-25 16:22:02,827] multiqc                                            [DEBUG  ]  File ignored by rseqc/junction_annotation because it exceeded search pattern filesize limit: PEsample_wgbs_2_val_2_fastqc.html
[2022-06-25 16:22:02,827] multiqc                                            [DEBUG  ]  File ignored by rseqc/read_distribution because it exceeded search pattern filesize limit: PEsample_wgbs_2_val_2_fastqc.html
[2022-06-25 16:22:02,827] multiqc                                            [DEBUG  ]  File ignored by rseqc/infer_experiment because it exceeded search pattern filesize limit: PEsample_wgbs_2_val_2_fastqc.html
[2022-06-25 16:22:02,893] multiqc                                            [DEBUG  ]  File ignored by ccs/v4 because it exceeded search pattern filesize limit: PEsample_wgbs_1_val_1_fastqc.html
[2022-06-25 16:22:02,894] multiqc                                            [DEBUG  ]  File ignored by hicexplorer because it exceeded search pattern filesize limit: PEsample_wgbs_1_val_1_fastqc.html
[2022-06-25 16:22:02,894] multiqc                                            [DEBUG  ]  File ignored by nanostat because it exceeded search pattern filesize limit: PEsample_wgbs_1_val_1_fastqc.html
[2022-06-25 16:22:02,894] multiqc                                            [DEBUG  ]  File ignored by lima/summary because it exceeded search pattern filesize limit: PEsample_wgbs_1_val_1_fastqc.html
[2022-06-25 16:22:02,896] multiqc                                            [DEBUG  ]  File ignored by vep/vep_txt because it exceeded search pattern filesize limit: PEsample_wgbs_1_val_1_fastqc.html
[2022-06-25 16:22:02,896] multiqc                                            [DEBUG  ]  File ignored by longranger/invocation because it exceeded search pattern filesize limit: PEsample_wgbs_1_val_1_fastqc.html
[2022-06-25 16:22:02,896] multiqc                                            [DEBUG  ]  File ignored by rockhopper because it exceeded search pattern filesize limit: PEsample_wgbs_1_val_1_fastqc.html
[2022-06-25 16:22:02,896] multiqc                                            [DEBUG  ]  File ignored by rseqc/bam_stat because it exceeded search pattern filesize limit: PEsample_wgbs_1_val_1_fastqc.html
[2022-06-25 16:22:02,896] multiqc                                            [DEBUG  ]  File ignored by rseqc/junction_annotation because it exceeded search pattern filesize limit: PEsample_wgbs_1_val_1_fastqc.html
[2022-06-25 16:22:02,896] multiqc                                            [DEBUG  ]  File ignored by rseqc/read_distribution because it exceeded search pattern filesize limit: PEsample_wgbs_1_val_1_fastqc.html
[2022-06-25 16:22:02,896] multiqc                                            [DEBUG  ]  File ignored by rseqc/infer_experiment because it exceeded search pattern filesize limit: PEsample_wgbs_1_val_1_fastqc.html
[2022-06-25 16:22:02,981] multiqc                                            [DEBUG  ]  File ignored by ccs/v4 because it exceeded search pattern filesize limit: SEsample_trimmed_fastqc.html
[2022-06-25 16:22:02,982] multiqc                                            [DEBUG  ]  File ignored by hicexplorer because it exceeded search pattern filesize limit: SEsample_trimmed_fastqc.html
[2022-06-25 16:22:02,982] multiqc                                            [DEBUG  ]  File ignored by nanostat because it exceeded search pattern filesize limit: SEsample_trimmed_fastqc.html
[2022-06-25 16:22:02,982] multiqc                                            [DEBUG  ]  File ignored by lima/summary because it exceeded search pattern filesize limit: SEsample_trimmed_fastqc.html
[2022-06-25 16:22:02,984] multiqc                                            [DEBUG  ]  File ignored by vep/vep_txt because it exceeded search pattern filesize limit: SEsample_trimmed_fastqc.html
[2022-06-25 16:22:02,984] multiqc                                            [DEBUG  ]  File ignored by longranger/invocation because it exceeded search pattern filesize limit: SEsample_trimmed_fastqc.html
[2022-06-25 16:22:02,984] multiqc                                            [DEBUG  ]  File ignored by rockhopper because it exceeded search pattern filesize limit: SEsample_trimmed_fastqc.html
[2022-06-25 16:22:02,984] multiqc                                            [DEBUG  ]  File ignored by rseqc/bam_stat because it exceeded search pattern filesize limit: SEsample_trimmed_fastqc.html
[2022-06-25 16:22:02,984] multiqc                                            [DEBUG  ]  File ignored by rseqc/junction_annotation because it exceeded search pattern filesize limit: SEsample_trimmed_fastqc.html
[2022-06-25 16:22:02,984] multiqc                                            [DEBUG  ]  File ignored by rseqc/read_distribution because it exceeded search pattern filesize limit: SEsample_trimmed_fastqc.html
[2022-06-25 16:22:02,984] multiqc                                            [DEBUG  ]  File ignored by rseqc/infer_experiment because it exceeded search pattern filesize limit: SEsample_trimmed_fastqc.html
[2022-06-25 16:22:03,729] multiqc.plots.bargraph                             [DEBUG  ]  Using matplotlib version 3.5.2
[2022-06-25 16:22:03,730] multiqc.plots.linegraph                            [DEBUG  ]  Using matplotlib version 3.5.2
[2022-06-25 16:22:03,731] multiqc                                            [DEBUG  ]  No samples found: custom_content
[2022-06-25 16:22:03,736] multiqc                                            [DEBUG  ]  No samples found: ccs
[2022-06-25 16:22:03,740] multiqc                                            [DEBUG  ]  No samples found: ngsderive
[2022-06-25 16:22:03,744] multiqc                                            [DEBUG  ]  No samples found: purple
[2022-06-25 16:22:03,747] multiqc                                            [DEBUG  ]  No samples found: conpair
[2022-06-25 16:22:03,751] multiqc                                            [DEBUG  ]  No samples found: lima
[2022-06-25 16:22:03,755] multiqc                                            [DEBUG  ]  No samples found: peddy
[2022-06-25 16:22:03,759] multiqc                                            [DEBUG  ]  No samples found: somalier
[2022-06-25 16:22:03,762] multiqc                                            [DEBUG  ]  No samples found: methylQA
[2022-06-25 16:22:03,767] multiqc.modules.mosdepth.mosdepth                  [DEBUG  ]  include_contigs: []
[2022-06-25 16:22:03,767] multiqc.modules.mosdepth.mosdepth                  [DEBUG  ]  exclude_contigs: []
[2022-06-25 16:22:03,767] multiqc                                            [DEBUG  ]  No samples found: mosdepth
[2022-06-25 16:22:03,771] multiqc                                            [DEBUG  ]  No samples found: phantompeakqualtools
[2022-06-25 16:22:03,774] multiqc                                            [DEBUG  ]  No samples found: qualimap
[2022-06-25 16:22:03,778] multiqc                                            [DEBUG  ]  No samples found: preseq
[2022-06-25 16:22:03,781] multiqc                                            [DEBUG  ]  No samples found: quast
[2022-06-25 16:22:03,785] multiqc                                            [DEBUG  ]  No samples found: qorts
[2022-06-25 16:22:03,788] multiqc                                            [DEBUG  ]  No samples found: rna_seqc
[2022-06-25 16:22:03,791] multiqc                                            [DEBUG  ]  No samples found: rockhopper
[2022-06-25 16:22:03,794] multiqc                                            [DEBUG  ]  No samples found: rsem
[2022-06-25 16:22:03,800] multiqc                                            [DEBUG  ]  No samples found: rseqc
[2022-06-25 16:22:03,803] multiqc                                            [DEBUG  ]  No samples found: busco
[2022-06-25 16:22:03,806] multiqc                                            [DEBUG  ]  No samples found: bustools
[2022-06-25 16:22:03,809] multiqc                                            [DEBUG  ]  No samples found: goleft_indexcov
[2022-06-25 16:22:03,813] multiqc                                            [DEBUG  ]  No samples found: gffcompare
[2022-06-25 16:22:03,816] multiqc                                            [DEBUG  ]  No samples found: disambiguate
[2022-06-25 16:22:03,820] multiqc                                            [DEBUG  ]  No samples found: supernova
[2022-06-25 16:22:03,824] multiqc                                            [DEBUG  ]  No samples found: deeptools
[2022-06-25 16:22:03,828] multiqc                                            [DEBUG  ]  No samples found: sargasso
[2022-06-25 16:22:03,831] multiqc                                            [DEBUG  ]  No samples found: verifybamid
[2022-06-25 16:22:03,834] multiqc                                            [DEBUG  ]  No samples found: mirtrace
[2022-06-25 16:22:03,837] multiqc                                            [DEBUG  ]  No samples found: happy
[2022-06-25 16:22:03,841] multiqc                                            [DEBUG  ]  No samples found: mirtop
[2022-06-25 16:22:03,844] multiqc                                            [DEBUG  ]  No samples found: sambamba
[2022-06-25 16:22:03,849] multiqc                                            [DEBUG  ]  No samples found: homer
[2022-06-25 16:22:03,852] multiqc                                            [DEBUG  ]  No samples found: hops
[2022-06-25 16:22:03,855] multiqc                                            [DEBUG  ]  No samples found: macs2
[2022-06-25 16:22:03,858] multiqc                                            [DEBUG  ]  No samples found: theta2
[2022-06-25 16:22:03,862] multiqc                                            [DEBUG  ]  No samples found: snpeff
[2022-06-25 16:22:03,866] multiqc                                            [DEBUG  ]  No samples found: gatk
[2022-06-25 16:22:03,869] multiqc                                            [DEBUG  ]  No samples found: htseq
[2022-06-25 16:22:03,873] multiqc                                            [DEBUG  ]  No samples found: bcftools
[2022-06-25 16:22:03,876] multiqc                                            [DEBUG  ]  No samples found: featureCounts
[2022-06-25 16:22:03,879] multiqc                                            [DEBUG  ]  No samples found: fgbio
[2022-06-25 16:22:03,885] multiqc                                            [DEBUG  ]  No samples found: dragen
[2022-06-25 16:22:03,888] multiqc                                            [DEBUG  ]  No samples found: dedup
[2022-06-25 16:22:03,891] multiqc                                            [DEBUG  ]  No samples found: damageprofiler
[2022-06-25 16:22:03,899] multiqc                                            [DEBUG  ]  No samples found: biobambam2
[2022-06-25 16:22:03,902] multiqc                                            [DEBUG  ]  No samples found: jcvi
[2022-06-25 16:22:03,906] multiqc                                            [DEBUG  ]  No samples found: mtnucratio
[2022-06-25 16:22:03,909] multiqc                                            [DEBUG  ]  No samples found: picard
[2022-06-25 16:22:03,912] multiqc                                            [DEBUG  ]  No samples found: vep
[2022-06-25 16:22:03,916] multiqc                                            [DEBUG  ]  No samples found: sentieon
[2022-06-25 16:22:03,919] multiqc                                            [DEBUG  ]  No samples found: prokka
[2022-06-25 16:22:03,922] multiqc                                            [DEBUG  ]  No samples found: qc3C
[2022-06-25 16:22:03,926] multiqc                                            [DEBUG  ]  No samples found: nanostat
[2022-06-25 16:22:03,929] multiqc                                            [DEBUG  ]  No samples found: samblaster
[2022-06-25 16:22:03,933] multiqc                                            [DEBUG  ]  No samples found: samtools
[2022-06-25 16:22:03,936] multiqc                                            [DEBUG  ]  No samples found: sexdeterrmine
[2022-06-25 16:22:03,939] multiqc                                            [DEBUG  ]  No samples found: eigenstratdatabasetools
[2022-06-25 16:22:03,943] multiqc                                            [DEBUG  ]  No samples found: bamtools
[2022-06-25 16:22:03,946] multiqc                                            [DEBUG  ]  No samples found: jellyfish
[2022-06-25 16:22:03,950] multiqc                                            [DEBUG  ]  No samples found: vcftools
[2022-06-25 16:22:03,953] multiqc                                            [DEBUG  ]  No samples found: longranger
[2022-06-25 16:22:03,956] multiqc                                            [DEBUG  ]  No samples found: stacks
[2022-06-25 16:22:03,960] multiqc                                            [DEBUG  ]  No samples found: varscan2
[2022-06-25 16:22:03,963] multiqc                                            [DEBUG  ]  No samples found: snippy
[2022-06-25 16:22:03,968] multiqc                                            [DEBUG  ]  No samples found: bbmap
[2022-06-25 16:22:03,976] multiqc.modules.bismark.bismark                    [INFO   ]  Found 2 alignment reports
[2022-06-25 16:22:03,987] multiqc                                            [DEBUG  ]  No samples found: biscuit
[2022-06-25 16:22:03,990] multiqc                                            [DEBUG  ]  No samples found: hicexplorer
[2022-06-25 16:22:03,993] multiqc                                            [DEBUG  ]  No samples found: hicup
[2022-06-25 16:22:03,997] multiqc                                            [DEBUG  ]  No samples found: hicpro
[2022-06-25 16:22:04,000] multiqc                                            [DEBUG  ]  No samples found: salmon
[2022-06-25 16:22:04,003] multiqc                                            [DEBUG  ]  No samples found: kallisto
[2022-06-25 16:22:04,006] multiqc                                            [DEBUG  ]  No samples found: slamdunk
[2022-06-25 16:22:04,010] multiqc                                            [DEBUG  ]  No samples found: star
[2022-06-25 16:22:04,013] multiqc                                            [DEBUG  ]  No samples found: hisat2
[2022-06-25 16:22:04,016] multiqc                                            [DEBUG  ]  No samples found: tophat
[2022-06-25 16:22:04,019] multiqc                                            [DEBUG  ]  No samples found: bowtie2
[2022-06-25 16:22:04,023] multiqc                                            [DEBUG  ]  No samples found: bowtie1
[2022-06-25 16:22:04,026] multiqc                                            [DEBUG  ]  No samples found: snpsplit
[2022-06-25 16:22:04,030] multiqc                                            [DEBUG  ]  No samples found: odgi
[2022-06-25 16:22:04,033] multiqc                                            [DEBUG  ]  No samples found: pangolin
[2022-06-25 16:22:04,037] multiqc                                            [DEBUG  ]  No samples found: kat
[2022-06-25 16:22:04,040] multiqc                                            [DEBUG  ]  No samples found: leehom
[2022-06-25 16:22:04,043] multiqc                                            [DEBUG  ]  No samples found: adapterRemoval
[2022-06-25 16:22:04,046] multiqc                                            [DEBUG  ]  No samples found: clipandmerge
[2022-06-25 16:22:04,055] multiqc.modules.cutadapt.cutadapt                  [DEBUG  ]  Duplicate sample name found! Overwriting: PEsample_wgbs_1
[2022-06-25 16:22:04,056] multiqc.modules.cutadapt.cutadapt                  [DEBUG  ]  Duplicate sample name found! Overwriting: PEsample_wgbs_2
[2022-06-25 16:22:04,058] multiqc.modules.cutadapt.cutadapt                  [DEBUG  ]  Duplicate sample name found! Overwriting: SEsample
[2022-06-25 16:22:04,059] multiqc.modules.cutadapt.cutadapt                  [INFO   ]  Found 3 reports
[2022-06-25 16:22:04,068] multiqc                                            [DEBUG  ]  No samples found: flexbar
[2022-06-25 16:22:04,071] multiqc                                            [DEBUG  ]  No samples found: kaiju
[2022-06-25 16:22:04,075] multiqc                                            [DEBUG  ]  No samples found: kraken
[2022-06-25 16:22:04,143] multiqc                                            [DEBUG  ]  No samples found: malt
[2022-06-25 16:22:04,146] multiqc                                            [DEBUG  ]  No samples found: trimmomatic
[2022-06-25 16:22:04,149] multiqc                                            [DEBUG  ]  No samples found: sickle
[2022-06-25 16:22:04,153] multiqc                                            [DEBUG  ]  No samples found: skewer
[2022-06-25 16:22:04,156] multiqc                                            [DEBUG  ]  No samples found: sortmerna
[2022-06-25 16:22:04,159] multiqc                                            [DEBUG  ]  No samples found: biobloomtools
[2022-06-25 16:22:04,163] multiqc                                            [DEBUG  ]  No samples found: fastq_screen
[2022-06-25 16:22:04,166] multiqc                                            [DEBUG  ]  No samples found: afterqc
[2022-06-25 16:22:04,169] multiqc                                            [DEBUG  ]  No samples found: fastp
[2022-06-25 16:22:04,237] multiqc.modules.fastqc.fastqc                      [DEBUG  ]  Duplicate sample name found! Overwriting: SEsample
[2022-06-25 16:22:04,251] multiqc.modules.fastqc.fastqc                      [DEBUG  ]  Skipping 'SEsample_fastqc.zip' as already parsed 'SEsample'
[2022-06-25 16:22:04,251] multiqc.modules.fastqc.fastqc                      [DEBUG  ]  Skipping 'PEsample_wgbs_2_fastqc.zip' as already parsed 'PEsample_wgbs_2'
[2022-06-25 16:22:04,251] multiqc.modules.fastqc.fastqc                      [DEBUG  ]  Skipping 'PEsample_wgbs_1_fastqc.zip' as already parsed 'PEsample_wgbs_1'
[2022-06-25 16:22:04,251] multiqc.modules.fastqc.fastqc                      [DEBUG  ]  Skipping 'PEsample_wgbs_1_val_1_fastqc.zip' as already parsed 'PEsample_wgbs_1_val_1'
[2022-06-25 16:22:04,252] multiqc.modules.fastqc.fastqc                      [DEBUG  ]  Duplicate sample name found! Overwriting: SEsample
[2022-06-25 16:22:04,266] multiqc.modules.fastqc.fastqc                      [DEBUG  ]  Skipping 'PEsample_wgbs_2_val_2_fastqc.zip' as already parsed 'PEsample_wgbs_2_val_2'
[2022-06-25 16:22:04,266] multiqc.modules.fastqc.fastqc                      [INFO   ]  Found 5 reports
[2022-06-25 16:22:04,321] multiqc                                            [DEBUG  ]  No samples found: pychopper
[2022-06-25 16:22:04,324] multiqc                                            [DEBUG  ]  No samples found: pycoqc
[2022-06-25 16:22:04,327] multiqc                                            [DEBUG  ]  No samples found: minionqc
[2022-06-25 16:22:04,331] multiqc                                            [DEBUG  ]  No samples found: multivcfanalyzer
[2022-06-25 16:22:04,334] multiqc                                            [DEBUG  ]  No samples found: clusterflow
[2022-06-25 16:22:04,337] multiqc                                            [DEBUG  ]  No samples found: bcl2fastq
[2022-06-25 16:22:04,341] multiqc                                            [DEBUG  ]  No samples found: bclconvert
[2022-06-25 16:22:04,344] multiqc                                            [DEBUG  ]  No samples found: interop
[2022-06-25 16:22:04,347] multiqc                                            [DEBUG  ]  No samples found: ivar
[2022-06-25 16:22:04,350] multiqc                                            [DEBUG  ]  No samples found: flash
[2022-06-25 16:22:04,353] multiqc                                            [DEBUG  ]  No samples found: seqyclean
[2022-06-25 16:22:04,357] multiqc                                            [DEBUG  ]  No samples found: optitype
[2022-06-25 16:22:04,366] multiqc                                            [INFO   ]  Compressing plot data
[2022-06-25 16:22:04,427] multiqc                                            [INFO   ]  Report      : Reports/multiqc/bismark_multiqc_report.html
[2022-06-25 16:22:04,428] multiqc                                            [INFO   ]  Data        : Reports/multiqc/bismark_multiqc_report_data
[2022-06-25 16:22:04,428] multiqc                                            [DEBUG  ]  Moving data file from '/tmp/tmpqbjffhpk/multiqc_data' to '/home/data/t020329/ngs/new_meth/results/Reports/multiqc/bismark_multiqc_report_data'
[2022-06-25 16:22:04,517] multiqc                                            [INFO   ]  MultiQC complete
