---------- [2022-06-25 16:20:08] Starting Now ----------
Warning messages:
1: package ‘methylKit’ was built under R version 4.0.3 
2: package ‘GenomicRanges’ was built under R version 4.0.3 
3: package ‘BiocGenerics’ was built under R version 4.0.3 
4: package ‘S4Vectors’ was built under R version 4.0.3 
5: package ‘IRanges’ was built under R version 4.0.3 
6: package ‘GenomeInfoDb’ was built under R version 4.0.3 
Reading bam file into methylKit object
Trying to process:
	/home/data/t020329/ngs/new_meth/results/05_sorting_deduplication/SEsample_se_bt2.sorted.deduped.bam
Using htslib.
Conversion Statistics:

total otherC considered (>95% C+T): 454
average conversion rate = 99.030851566159
total otherC considered (Forward) (>95% C+T): 152
average conversion rate (Forward) = 99.269843288806
total otherC considered (Reverse) (>95% C+T): 302
average conversion rate (Reverse) = 98.910564341515

Done.

Reading methylation percentage per base for sample: SEsample_se_bt2.sorted.deduped 

Received single location.
Reading file.
compressing the file with bgzip...
making tabix index...
Tabix saved to: 
	/home/data/t020329/ngs/new_meth/results/06_methyl_calls/methylKit/tabix_chg/SEsample_se_bt2.sorted.deduped_chg.txt.bgz
---------- [2022-06-25 16:20:16] Done ----------
